env: load .env.local .env
env: export EXPO_PUBLIC_SUPABASE_URL EXPO_PUBLIC_SUPABASE_ANON_KEY EXPO_PUBLIC_SUPABASE_REDIRECT_URL EXPO_PUBLIC_API_BASE_URL LIVEKIT_API_KEY LIVEKIT_API_SECRET LIVEKIT_URL SUPABASE_URL SUPABASE_SERVICE_ROLE SUPABASE_ACCESS_TOKEN EXPO_FORCE_WEBCONTAINER_ENV
Starting project at C:\Users\hmakh\Documents\Project\adhan-connect
React Compiler enabled
Starting Metro Bundler
Waiting on http://localhost:8081
Logs for your project will appear below.
Android node_modules\expo-router\entry.js ░░░░░░░░░░░░░░░░  0.0% (0/1)
Android node_modules\expo-router\entry.js ▓▓░░░░░░░░░░░░░░ 16.0% ( 4/16)
Android node_modules\expo-router\entry.js ▓▓░░░░░░░░░░░░░░ 16.0% ( 32/176)
Android node_modules\expo-router\entry.js ▓▓░░░░░░░░░░░░░░ 16.0% ( 88/256)
Android node_modules\expo-router\entry.js ▓▓▓▓░░░░░░░░░░░░ 26.2% (192/375)
Android node_modules\expo-router\entry.js ▓▓▓▓▓░░░░░░░░░░░ 36.2% (335/557)
Android node_modules\expo-router\entry.js ▓▓▓▓▓▓▓░░░░░░░░░ 44.4% (463/743)
Android node_modules\expo-router\entry.js ▓▓▓▓▓▓▓▓▓░░░░░░░ 56.3% (602/825)
Android node_modules\expo-router\entry.js ▓▓▓▓▓▓▓▓▓░░░░░░░ 56.3% (638/874)
Android node_modules\expo-router\entry.js ▓▓▓▓▓▓▓▓▓░░░░░░░ 57.9% (683/901)
Android node_modules\expo-router\entry.js ▓▓▓▓▓▓▓▓▓▓░░░░░░ 66.6% (784/961)
Android node_modules\expo-router\entry.js ▓▓▓▓▓▓▓▓▓▓░░░░░░ 68.2% ( 840/1024)
Android node_modules\expo-router\entry.js ▓▓▓▓▓▓▓▓▓▓░░░░░░ 68.3% ( 860/1085)
Android node_modules\expo-router\entry.js ▓▓▓▓▓▓▓▓▓▓░░░░░░ 68.3% ( 881/1090)
Android node_modules\expo-router\entry.js ▓▓▓▓▓▓▓▓▓▓░░░░░░ 68.3% ( 905/1121)
Android node_modules\expo-router\entry.js ▓▓▓▓▓▓▓▓▓▓▓░░░░░ 71.4% ( 992/1174)
Android node_modules\expo-router\entry.js ▓▓▓▓▓▓▓▓▓▓▓▓░░░░ 75.7% (1109/1333)
Android node_modules\expo-router\entry.js ▓▓▓▓▓▓▓▓▓▓▓▓░░░░ 75.7% (1232/1426)
Android node_modules\expo-router\entry.js ▓▓▓▓▓▓▓▓▓▓▓▓▓▓░░ 90.4% (1436/1510)
Android node_modules\expo-router\entry.js ▓▓▓▓▓▓▓▓▓▓▓▓▓▓░░ 92.7% (1564/1668)
Android node_modules\expo-router\entry.js ▓▓▓▓▓▓▓▓▓▓▓▓▓▓░░ 92.7% (1662/1759)
Android node_modules\expo-router\entry.js ▓▓▓▓▓▓▓▓▓▓▓▓▓▓▓░ 97.7% (1810/1831)
Android node_modules\expo-router\entry.js ▓▓▓▓▓▓▓▓▓▓▓▓▓▓▓░ 99.9% (1872/1873)
Android node_modules\expo-router\entry.js ▓▓▓▓▓▓▓▓▓▓▓▓▓▓▓░ 99.9% (1873/1873)
Android Bundled 83366ms node_modules\expo-router\entry.js (1873 modules)
 WARN  [expo-av]: Expo AV has been deprecated and will be removed in SDK 54. Use the `expo-audio` and `expo-video` packages to replace the required functionality.
 WARN  The app is running using the Legacy Architecture. The Legacy Architecture is deprecated and will be removed in a future version of React Native. Please consider migrating to the New Architecture. For more information, please see https://reactnative.dev/blog/2024/10/23/the-new-architecture-is-here
 LOG  [RootNavigator] {"authLoading": true, "pathname": "/", "preferredEntry": null, "preferredEntryLoaded": false, "role": "user", "roleSelectionLoaded": false, "roleSelectionRequired": false, "rolesLoading": true, "segments": [], "sessionUserId": null, "targetHref": "/listener-home", "targetStack": "/listener-home"}
 LOG  [useAdminMosque] mosques state [] selected null error null
 LOG  [RootNavigator] {"authLoading": true, "pathname": "/", "preferredEntry": null, "preferredEntryLoaded": true, "role": null, "roleSelectionLoaded": true, "roleSelectionRequired": false, "rolesLoading": false, "segments": [], "sessionUserId": null, "targetHref": "/listener-home", "targetStack": "/listener-home"}
 LOG  [RootNavigator] {"authLoading": true, "pathname": "/", "preferredEntry": null, "preferredEntryLoaded": true, "role": null, "roleSelectionLoaded": true, "roleSelectionRequired": false, "rolesLoading": false, "segments": ["(admin)"], "sessionUserId": null, "targetHref": "/listener-home", "targetStack": "/listener-home"}
 LOG  [adminMosques] no auth user [AuthSessionMissingError: Auth session missing!]
 LOG  [useAdminMosque] mosques state [] selected null error Auth session missing!
 LOG  [RootNavigator] redirect sign-in {"pathname": "/", "segments": ["(admin)"]}
 LOG  [RootNavigator] {"authLoading": false, "pathname": "/", "preferredEntry": null, "preferredEntryLoaded": true, "role": null, "roleSelectionLoaded": true, "roleSelectionRequired": false, "rolesLoading": false, "segments": ["(admin)"], "sessionUserId": null, "targetHref": "/listener-home", "targetStack": "/listener-home"}
 LOG  [RootNavigator] redirect sign-in {"pathname": "/", "segments": []}
 LOG  [RootNavigator] {"authLoading": false, "pathname": "/", "preferredEntry": null, "preferredEntryLoaded": true, "role": null, "roleSelectionLoaded": true, "roleSelectionRequired": false, "rolesLoading": false, "segments": [], "sessionUserId": null, "targetHref": "/listener-home", "targetStack": "/listener-home"}
 LOG  [RootNavigator] {"authLoading": true, "pathname": "/sign-in", "preferredEntry": null, "preferredEntryLoaded": false, "role": "user", "roleSelectionLoaded": false, "roleSelectionRequired": false, "rolesLoading": true, "segments": ["(auth)", "sign-in"], "sessionUserId": null, "targetHref": "/listener-home", "targetStack": "/listener-home"}
 LOG  [RootNavigator] {"authLoading": true, "pathname": "/sign-in", "preferredEntry": null, "preferredEntryLoaded": true, "role": null, "roleSelectionLoaded": true, "roleSelectionRequired": false, "rolesLoading": false, "segments": ["(auth)", "sign-in"], "sessionUserId": null, "targetHref": "/listener-home", "targetStack": "/listener-home"}
 LOG  [RootNavigator] {"authLoading": false, "pathname": "/sign-in", "preferredEntry": null, "preferredEntryLoaded": true, "role": null, "roleSelectionLoaded": true, "roleSelectionRequired": false, "rolesLoading": false, "segments": ["(auth)", "sign-in"], "sessionUserId": null, "targetHref": "/listener-home", "targetStack": "/listener-home"}
 LOG  [auth] signIn attempt {"emailDomain": "gmail.com", "projectRef": "yecbsezhwvpdkuzmmziv"}
 LOG  [RootNavigator] redirect target {"currentRoot": "/(auth)", "isAtGroupedRootIndex": false, "pathname": "/sign-in", "segments": ["(auth)", "sign-in"], "targetHref": "/listener-home", "targetStack": "/listener-home"}
 LOG  [RootNavigator] {"authLoading": false, "pathname": "/sign-in", "preferredEntry": null, "preferredEntryLoaded": true, "role": null, "roleSelectionLoaded": true, "roleSelectionRequired": false, "rolesLoading": false, "segments": ["(auth)", "sign-in"], "sessionUserId": "aef08a87-4ebc-4820-b916-1b52cb2d27b2", "targetHref": "/listener-home", "targetStack": "/listener-home"}
 LOG  [RootNavigator] {"authLoading": false, "pathname": "/sign-in", "preferredEntry": null, "preferredEntryLoaded": false, "role": null, "roleSelectionLoaded": false, "roleSelectionRequired": false, "rolesLoading": true, "segments": ["(auth)", "sign-in"], "sessionUserId": "aef08a87-4ebc-4820-b916-1b52cb2d27b2", "targetHref": "/listener-home", "targetStack": "/listener-home"}
 LOG  [RootNavigator] {"authLoading": false, "pathname": "/sign-in", "preferredEntry": null, "preferredEntryLoaded": true, "role": null, "roleSelectionLoaded": false, "roleSelectionRequired": false, "rolesLoading": true, "segments": ["(auth)", "sign-in"], "sessionUserId": "aef08a87-4ebc-4820-b916-1b52cb2d27b2", "targetHref": "/listener-home", "targetStack": "/listener-home"}
 LOG  [RootNavigator] {"authLoading": false, "pathname": "/sign-in", "preferredEntry": null, "preferredEntryLoaded": true, "role": null, "roleSelectionLoaded": true, "roleSelectionRequired": false, "rolesLoading": true, "segments": ["(auth)", "sign-in"], "sessionUserId": "aef08a87-4ebc-4820-b916-1b52cb2d27b2", "targetHref": "/listener-home", "targetStack": "/listener-home"}
 LOG  [RootNavigator] {"authLoading": false, "pathname": "/sign-in", "preferredEntry": null, "preferredEntryLoaded": true, "role": null, "roleSelectionLoaded": true, "roleSelectionRequired": true, "rolesLoading": true, "segments": ["(auth)", "sign-in"], "sessionUserId": "aef08a87-4ebc-4820-b916-1b52cb2d27b2", "targetHref": "/listener-home", "targetStack": "/listener-home"}
 LOG  [auth] signIn succeeded {"projectRef": "yecbsezhwvpdkuzmmziv", "userId": "aef08a87-4ebc-4820-b916-1b52cb2d27b2"}
 LOG  [RootNavigator] redirect target {"currentRoot": "/(auth)", "isAtGroupedRootIndex": false, "pathname": "/sign-in", "segments": ["(auth)", "sign-in"], "targetHref": "/role-entry", "targetStack": "/role-entry"}
 LOG  [RootNavigator] {"authLoading": false, "pathname": "/sign-in", "preferredEntry": null, "preferredEntryLoaded": true, "role": "local_admin", "roleSelectionLoaded": true, "roleSelectionRequired": true, "rolesLoading": false, "segments": ["(auth)", "sign-in"], "sessionUserId": "aef08a87-4ebc-4820-b916-1b52cb2d27b2", "targetHref": "/role-entry", "targetStack": "/role-entry"}
 LOG  [RootNavigator] redirect target {"currentRoot": "/", "isAtGroupedRootIndex": true, "pathname": "/", "segments": [], "targetHref": "/role-entry", "targetStack": "/role-entry"}
 LOG  [RootNavigator] {"authLoading": false, "pathname": "/", "preferredEntry": null, "preferredEntryLoaded": true, "role": "local_admin", "roleSelectionLoaded": true, "roleSelectionRequired": true, "rolesLoading": false, "segments": [], "sessionUserId": "aef08a87-4ebc-4820-b916-1b52cb2d27b2", "targetHref": "/role-entry", "targetStack": "/role-entry"}
 LOG  [RootNavigator] {"authLoading": true, "pathname": "/role-entry", "preferredEntry": null, "preferredEntryLoaded": false, "role": "user", "roleSelectionLoaded": false, "roleSelectionRequired": false, "rolesLoading": true, "segments": ["role-entry"], "sessionUserId": null, "targetHref": "/listener-home", "targetStack": "/listener-home"}
 LOG  [RootNavigator] {"authLoading": true, "pathname": "/role-entry", "preferredEntry": null, "preferredEntryLoaded": true, "role": null, "roleSelectionLoaded": true, "roleSelectionRequired": false, "rolesLoading": false, "segments": ["role-entry"], "sessionUserId": null, "targetHref": "/listener-home", "targetStack": "/listener-home"}
 LOG  [RootNavigator] {"authLoading": true, "pathname": "/role-entry", "preferredEntry": null, "preferredEntryLoaded": true, "role": null, "roleSelectionLoaded": true, "roleSelectionRequired": false, "rolesLoading": false, "segments": ["role-entry"], "sessionUserId": "aef08a87-4ebc-4820-b916-1b52cb2d27b2", "targetHref": "/listener-home", "targetStack": "/listener-home"}
 LOG  [RootNavigator] {"authLoading": true, "pathname": "/role-entry", "preferredEntry": null, "preferredEntryLoaded": false, "role": null, "roleSelectionLoaded": false, "roleSelectionRequired": false, "rolesLoading": true, "segments": ["role-entry"], "sessionUserId": "aef08a87-4ebc-4820-b916-1b52cb2d27b2", "targetHref": "/listener-home", "targetStack": "/listener-home"}
 LOG  [RootNavigator] {"authLoading": false, "pathname": "/role-entry", "preferredEntry": null, "preferredEntryLoaded": false, "role": null, "roleSelectionLoaded": false, "roleSelectionRequired": false, "rolesLoading": true, "segments": ["role-entry"], "sessionUserId": "aef08a87-4ebc-4820-b916-1b52cb2d27b2", "targetHref": "/listener-home", "targetStack": "/listener-home"}
 LOG  [RootNavigator] {"authLoading": false, "pathname": "/role-entry", "preferredEntry": null, "preferredEntryLoaded": true, "role": null, "roleSelectionLoaded": false, "roleSelectionRequired": false, "rolesLoading": true, "segments": ["role-entry"], "sessionUserId": "aef08a87-4ebc-4820-b916-1b52cb2d27b2", "targetHref": "/listener-home", "targetStack": "/listener-home"}
 LOG  [RootNavigator] {"authLoading": false, "pathname": "/role-entry", "preferredEntry": null, "preferredEntryLoaded": true, "role": null, "roleSelectionLoaded": false, "roleSelectionRequired": true, "rolesLoading": true, "segments": ["role-entry"], "sessionUserId": "aef08a87-4ebc-4820-b916-1b52cb2d27b2", "targetHref": "/listener-home", "targetStack": "/listener-home"}
 LOG  [RootNavigator] {"authLoading": false, "pathname": "/role-entry", "preferredEntry": null, "preferredEntryLoaded": true, "role": null, "roleSelectionLoaded": true, "roleSelectionRequired": true, "rolesLoading": true, "segments": ["role-entry"], "sessionUserId": "aef08a87-4ebc-4820-b916-1b52cb2d27b2", "targetHref": "/listener-home", "targetStack": "/listener-home"}
 LOG  [RootNavigator] {"authLoading": false, "pathname": "/role-entry", "preferredEntry": null, "preferredEntryLoaded": true, "role": "local_admin", "roleSelectionLoaded": true, "roleSelectionRequired": true, "rolesLoading": false, "segments": ["role-entry"], "sessionUserId": "aef08a87-4ebc-4820-b916-1b52cb2d27b2", "targetHref": "/role-entry", "targetStack": "/role-entry"}
 LOG  [RootNavigator] {"authLoading": false, "pathname": "/role-entry", "preferredEntry": "muezzin", "preferredEntryLoaded": true, "role": "local_admin", "roleSelectionLoaded": true, "roleSelectionRequired": true, "rolesLoading": false, "segments": ["role-entry"], "sessionUserId": "aef08a87-4ebc-4820-b916-1b52cb2d27b2", "targetHref": "/role-entry", "targetStack": "/role-entry"}
 LOG  [RootNavigator] {"authLoading": false, "pathname": "/role-entry", "preferredEntry": "muezzin", "preferredEntryLoaded": true, "role": "local_admin", "roleSelectionLoaded": true, "roleSelectionRequired": false, "rolesLoading": false, "segments": ["role-entry"], "sessionUserId": "aef08a87-4ebc-4820-b916-1b52cb2d27b2", "targetHref": "/muezzin-home", "targetStack": "/(muezzin)"}
 LOG  [useMuezzinSchedule] schedule null nextAssigned null error null
 LOG  [muezzin.schedule] load:start {"hasAssignedSlot": false, "hasRuntimeSchedule": false, "loadId": 1, "userId": "aef08a87-4ebc-4820-b916-1b52cb2d27b2"}
 LOG  [useMuezzinSchedule] schedule null nextAssigned null error null
 LOG  [RootNavigator] {"authLoading": false, "pathname": "/muezzin-home", "preferredEntry": "muezzin", "preferredEntryLoaded": true, "role": "local_admin", "roleSelectionLoaded": true, "roleSelectionRequired": false, "rolesLoading": false, "segments": ["(muezzin)", "muezzin-home"], "sessionUserId": "aef08a87-4ebc-4820-b916-1b52cb2d27b2", "targetHref": "/muezzin-home", "targetStack": "/(muezzin)"}
 LOG  [muezzin.schedule] cache:miss {"userId": "aef08a87-4ebc-4820-b916-1b52cb2d27b2"}
 WARN  [loadRotaWorkspaceForRange] error Server API request timed out after 6000ms.
 LOG  [muezzin.schedule.api] today:workspace {"durationMs": 7692, "entries": 0, "hasWorkspace": false, "mosqueId": null, "mosqueName": null, "userId": "aef08a87-4ebc-4820-b916-1b52cb2d27b2", "workspaceError": null}
 LOG  [liveAdhan.getMuezzinPrimaryMosque] lookup start {"userId": "aef08a87-4ebc-4820-b916-1b52cb2d27b2"}
 LOG  [liveAdhan.getMuezzinPrimaryMosque] lookup result {"data": {"mosque_id": "52fbe3bf-2d08-4009-9921-208afb5b3169", "mosques": {"name": "Harrow Mosque"}}}
 LOG  [muezzin.schedule.api] today:primary-mosque {"durationMs": 9070, "mosqueId": "52fbe3bf-2d08-4009-9921-208afb5b3169", "mosqueName": "Harrow Mosque", "userId": "aef08a87-4ebc-4820-b916-1b52cb2d27b2"}
 LOG  [useMuezzinSchedule] schedule null nextAssigned null error null
 WARN  [getDailyPrayerTimes] server fallback error [AbortError: Server API request timed out after 6000ms.]
 WARN  [loadRotaWorkspaceForRange] error Server API request timed out after 6000ms.
 LOG  [muezzin.schedule.api] today:resolved {"durationMs": 19573, "mosqueId": "52fbe3bf-2d08-4009-9921-208afb5b3169", "mosqueName": "Harrow Mosque", "nextAssignedPrayer": "Dhuhr", "nextMosquePrayer": "Dhuhr", "slots": 5, "userId": "aef08a87-4ebc-4820-b916-1b52cb2d27b2"}
 LOG  [getMuezzinScheduleForToday] user aef08a87-4ebc-4820-b916-1b52cb2d27b2 mosque 52fbe3bf-2d08-4009-9921-208afb5b3169 slots [{"adhanTime": 2026-06-05T01:52:00.000Z, "assignedMuezzinName": "Farid", "assignedMuezzinUserId": "aef08a87-4ebc-4820-b916-1b52cb2d27b2", "assignmentSource": "default", "id": "52fbe3bf-2d08-4009-9921-208afb5b3169-2026-06-05-fajr", "iqamaTime": null, "isAssignedToMe": true, "liveWindowEnd": 2026-06-05T01:54:00.000Z, "liveWindowStart": 2026-06-05T01:49:00.000Z, "mosqueId": "52fbe3bf-2d08-4009-9921-208afb5b3169", "mosqueName": "Harrow Mosque", "notes": null, "prayerName": "Fajr", "status": "completed"}, {"adhanTime": 2026-06-05T12:00:00.000Z, "assignedMuezzinName": "Farid", "assignedMuezzinUserId": "aef08a87-4ebc-4820-b916-1b52cb2d27b2", "assignmentSource": "default", "id": "52fbe3bf-2d08-4009-9921-208afb5b3169-2026-06-05-dhuhr", "iqamaTime": null, "isAssignedToMe": true, "liveWindowEnd": 2026-06-05T12:02:00.000Z, "liveWindowStart": 2026-06-05T11:57:00.000Z, "mosqueId": "52fbe3bf-2d08-4009-9921-208afb5b3169", "mosqueName": "Harrow Mosque", "notes": null, "prayerName": "Dhuhr", "status": "scheduled"}, {"adhanTime": 2026-06-05T17:34:00.000Z, "assignedMuezzinName": "Farid", "assignedMuezzinUserId": "aef08a87-4ebc-4820-b916-1b52cb2d27b2", "assignmentSource": "default", "id": "52fbe3bf-2d08-4009-9921-208afb5b3169-2026-06-05-asr", "iqamaTime": null, "isAssignedToMe": true, "liveWindowEnd": 2026-06-05T17:36:00.000Z, "liveWindowStart": 2026-06-05T17:31:00.000Z, "mosqueId": "52fbe3bf-2d08-4009-9921-208afb5b3169", "mosqueName": "Harrow Mosque", "notes": null, "prayerName": "Asr", "status": "scheduled"}, {"adhanTime": 2026-06-05T20:13:00.000Z, "assignedMuezzinName": "Farid", "assignedMuezzinUserId": "aef08a87-4ebc-4820-b916-1b52cb2d27b2", "assignmentSource": "default", "id": "52fbe3bf-2d08-4009-9921-208afb5b3169-2026-06-05-maghrib", "iqamaTime": null, "isAssignedToMe": true, "liveWindowEnd": 2026-06-05T20:15:00.000Z, "liveWindowStart": 2026-06-05T20:10:00.000Z, "mosqueId": "52fbe3bf-2d08-4009-9921-208afb5b3169", "mosqueName": "Harrow Mosque", "notes": null, "prayerName": "Maghrib", "status": "scheduled"}, {"adhanTime": 2026-06-05T21:28:00.000Z, "assignedMuezzinName": "Farid", "assignedMuezzinUserId": "aef08a87-4ebc-4820-b916-1b52cb2d27b2", "assignmentSource": "default", "id": "52fbe3bf-2d08-4009-9921-208afb5b3169-2026-06-05-isha", "iqamaTime": null, "isAssignedToMe": true, "liveWindowEnd": 2026-06-05T21:30:00.000Z, "liveWindowStart": 2026-06-05T21:25:00.000Z, "mosqueId": "52fbe3bf-2d08-4009-9921-208afb5b3169", "mosqueName": "Harrow Mosque", "notes": null, "prayerName": "Isha", "status": "scheduled"}]
 LOG  [muezzin.schedule] load:api-success {"durationMs": 19945, "loadId": 1, "mosqueId": "52fbe3bf-2d08-4009-9921-208afb5b3169", "mosqueName": "Harrow Mosque", "nextAssignedPrayer": "Dhuhr", "nextMosquePrayer": "Dhuhr", "slots": 5}
 LOG  [useMuezzinSchedule] schedule {"date": 2026-06-04T23:00:00.000Z, "mosqueId": "52fbe3bf-2d08-4009-9921-208afb5b3169", "mosqueName": "Harrow Mosque", "nextAssignedSlot": {"adhanTime": 2026-06-05T12:00:00.000Z, "assignedMuezzinName": "Farid", "assignedMuezzinUserId": "aef08a87-4ebc-4820-b916-1b52cb2d27b2", "assignmentSource": "default", "id": "52fbe3bf-2d08-4009-9921-208afb5b3169-2026-06-05-dhuhr", "iqamaTime": null, "isAssignedToMe": true, "liveWindowEnd": 2026-06-05T12:02:00.000Z, "liveWindowStart": 2026-06-05T11:57:00.000Z, "mosqueId": "52fbe3bf-2d08-4009-9921-208afb5b3169", "mosqueName": "Harrow Mosque", "notes": null, "prayerName": "Dhuhr", "status": "scheduled"}, "nextMosqueSlot": {"adhanTime": 2026-06-05T12:00:00.000Z, "assignedMuezzinName": "Farid", "assignedMuezzinUserId": "aef08a87-4ebc-4820-b916-1b52cb2d27b2", "assignmentSource": "default", "id": "52fbe3bf-2d08-4009-9921-208afb5b3169-2026-06-05-dhuhr", "iqamaTime": null, "isAssignedToMe": true, "liveWindowEnd": 2026-06-05T12:02:00.000Z, "liveWindowStart": 2026-06-05T11:57:00.000Z, "mosqueId": "52fbe3bf-2d08-4009-9921-208afb5b3169", "mosqueName": "Harrow Mosque", "notes": null, "prayerName": "Dhuhr", "status": "scheduled"}, "slots": [{"adhanTime": 2026-06-05T01:52:00.000Z, "assignedMuezzinName": "Farid", "assignedMuezzinUserId": "aef08a87-4ebc-4820-b916-1b52cb2d27b2", "assignmentSource": "default", "id": "52fbe3bf-2d08-4009-9921-208afb5b3169-2026-06-05-fajr", "iqamaTime": null, "isAssignedToMe": true, "liveWindowEnd": 2026-06-05T01:54:00.000Z, "liveWindowStart": 2026-06-05T01:49:00.000Z, "mosqueId": "52fbe3bf-2d08-4009-9921-208afb5b3169", "mosqueName": "Harrow Mosque", "notes": null, "prayerName": "Fajr", "status": "completed"}, {"adhanTime": 2026-06-05T12:00:00.000Z, "assignedMuezzinName": "Farid", "assignedMuezzinUserId": "aef08a87-4ebc-4820-b916-1b52cb2d27b2", "assignmentSource": "default", "id": "52fbe3bf-2d08-4009-9921-208afb5b3169-2026-06-05-dhuhr", "iqamaTime": null, "isAssignedToMe": true, "liveWindowEnd": 2026-06-05T12:02:00.000Z, "liveWindowStart": 2026-06-05T11:57:00.000Z, "mosqueId": "52fbe3bf-2d08-4009-9921-208afb5b3169", "mosqueName": "Harrow Mosque", "notes": null, "prayerName": "Dhuhr", "status": "scheduled"}, {"adhanTime": 2026-06-05T17:34:00.000Z, "assignedMuezzinName": "Farid", "assignedMuezzinUserId": "aef08a87-4ebc-4820-b916-1b52cb2d27b2", "assignmentSource": "default", "id": "52fbe3bf-2d08-4009-9921-208afb5b3169-2026-06-05-asr", "iqamaTime": null, "isAssignedToMe": true, "liveWindowEnd": 2026-06-05T17:36:00.000Z, "liveWindowStart": 2026-06-05T17:31:00.000Z, "mosqueId": "52fbe3bf-2d08-4009-9921-208afb5b3169", "mosqueName": "Harrow Mosque", "notes": null, "prayerName": "Asr", "status": "scheduled"}, {"adhanTime": 2026-06-05T20:13:00.000Z, "assignedMuezzinName": "Farid", "assignedMuezzinUserId": "aef08a87-4ebc-4820-b916-1b52cb2d27b2", "assignmentSource": "default", "id": "52fbe3bf-2d08-4009-9921-208afb5b3169-2026-06-05-maghrib", "iqamaTime": null, "isAssignedToMe": true, "liveWindowEnd": 2026-06-05T20:15:00.000Z, "liveWindowStart": 2026-06-05T20:10:00.000Z, "mosqueId": "52fbe3bf-2d08-4009-9921-208afb5b3169", "mosqueName": "Harrow Mosque", "notes": null, "prayerName": "Maghrib", "status": "scheduled"}, {"adhanTime": 2026-06-05T21:28:00.000Z, "assignedMuezzinName": "Farid", "assignedMuezzinUserId": "aef08a87-4ebc-4820-b916-1b52cb2d27b2", "assignmentSource": "default", "id": "52fbe3bf-2d08-4009-9921-208afb5b3169-2026-06-05-isha", "iqamaTime": null, "isAssignedToMe": true, "liveWindowEnd": 2026-06-05T21:30:00.000Z, "liveWindowStart": 2026-06-05T21:25:00.000Z, "mosqueId": "52fbe3bf-2d08-4009-9921-208afb5b3169", "mosqueName": "Harrow Mosque", "notes": null, "prayerName": "Isha", "status": "scheduled"}]} nextAssigned null error null
 LOG  [useMuezzinSchedule] schedule {"date": 2026-06-04T23:00:00.000Z, "mosqueId": "52fbe3bf-2d08-4009-9921-208afb5b3169", "mosqueName": "Harrow Mosque", "nextAssignedSlot": {"adhanTime": 2026-06-05T12:00:00.000Z, "assignedMuezzinName": "Farid", "assignedMuezzinUserId": "aef08a87-4ebc-4820-b916-1b52cb2d27b2", "assignmentSource": "default", "id": "52fbe3bf-2d08-4009-9921-208afb5b3169-2026-06-05-dhuhr", "iqamaTime": null, "isAssignedToMe": true, "liveWindowEnd": 2026-06-05T12:02:00.000Z, "liveWindowStart": 2026-06-05T11:57:00.000Z, "mosqueId": "52fbe3bf-2d08-4009-9921-208afb5b3169", "mosqueName": "Harrow Mosque", "notes": null, "prayerName": "Dhuhr", "status": "scheduled"}, "nextMosqueSlot": {"adhanTime": 2026-06-05T12:00:00.000Z, "assignedMuezzinName": "Farid", "assignedMuezzinUserId": "aef08a87-4ebc-4820-b916-1b52cb2d27b2", "assignmentSource": "default", "id": "52fbe3bf-2d08-4009-9921-208afb5b3169-2026-06-05-dhuhr", "iqamaTime": null, "isAssignedToMe": true, "liveWindowEnd": 2026-06-05T12:02:00.000Z, "liveWindowStart": 2026-06-05T11:57:00.000Z, "mosqueId": "52fbe3bf-2d08-4009-9921-208afb5b3169", "mosqueName": "Harrow Mosque", "notes": null, "prayerName": "Dhuhr", "status": "scheduled"}, "slots": [{"adhanTime": 2026-06-05T01:52:00.000Z, "assignedMuezzinName": "Farid", "assignedMuezzinUserId": "aef08a87-4ebc-4820-b916-1b52cb2d27b2", "assignmentSource": "default", "id": "52fbe3bf-2d08-4009-9921-208afb5b3169-2026-06-05-fajr", "iqamaTime": null, "isAssignedToMe": true, "liveWindowEnd": 2026-06-05T01:54:00.000Z, "liveWindowStart": 2026-06-05T01:49:00.000Z, "mosqueId": "52fbe3bf-2d08-4009-9921-208afb5b3169", "mosqueName": "Harrow Mosque", "notes": null, "prayerName": "Fajr", "status": "completed"}, {"adhanTime": 2026-06-05T12:00:00.000Z, "assignedMuezzinName": "Farid", "assignedMuezzinUserId": "aef08a87-4ebc-4820-b916-1b52cb2d27b2", "assignmentSource": "default", "id": "52fbe3bf-2d08-4009-9921-208afb5b3169-2026-06-05-dhuhr", "iqamaTime": null, "isAssignedToMe": true, "liveWindowEnd": 2026-06-05T12:02:00.000Z, "liveWindowStart": 2026-06-05T11:57:00.000Z, "mosqueId": "52fbe3bf-2d08-4009-9921-208afb5b3169", "mosqueName": "Harrow Mosque", "notes": null, "prayerName": "Dhuhr", "status": "scheduled"}, {"adhanTime": 2026-06-05T17:34:00.000Z, "assignedMuezzinName": "Farid", "assignedMuezzinUserId": "aef08a87-4ebc-4820-b916-1b52cb2d27b2", "assignmentSource": "default", "id": "52fbe3bf-2d08-4009-9921-208afb5b3169-2026-06-05-asr", "iqamaTime": null, "isAssignedToMe": true, "liveWindowEnd": 2026-06-05T17:36:00.000Z, "liveWindowStart": 2026-06-05T17:31:00.000Z, "mosqueId": "52fbe3bf-2d08-4009-9921-208afb5b3169", "mosqueName": "Harrow Mosque", "notes": null, "prayerName": "Asr", "status": "scheduled"}, {"adhanTime": 2026-06-05T20:13:00.000Z, "assignedMuezzinName": "Farid", "assignedMuezzinUserId": "aef08a87-4ebc-4820-b916-1b52cb2d27b2", "assignmentSource": "default", "id": "52fbe3bf-2d08-4009-9921-208afb5b3169-2026-06-05-maghrib", "iqamaTime": null, "isAssignedToMe": true, "liveWindowEnd": 2026-06-05T20:15:00.000Z, "liveWindowStart": 2026-06-05T20:10:00.000Z, "mosqueId": "52fbe3bf-2d08-4009-9921-208afb5b3169", "mosqueName": "Harrow Mosque", "notes": null, "prayerName": "Maghrib", "status": "scheduled"}, {"adhanTime": 2026-06-05T21:28:00.000Z, "assignedMuezzinName": "Farid", "assignedMuezzinUserId": "aef08a87-4ebc-4820-b916-1b52cb2d27b2", "assignmentSource": "default", "id": "52fbe3bf-2d08-4009-9921-208afb5b3169-2026-06-05-isha", "iqamaTime": null, "isAssignedToMe": true, "liveWindowEnd": 2026-06-05T21:30:00.000Z, "liveWindowStart": 2026-06-05T21:25:00.000Z, "mosqueId": "52fbe3bf-2d08-4009-9921-208afb5b3169", "mosqueName": "Harrow Mosque", "notes": null, "prayerName": "Isha", "status": "scheduled"}]} nextAssigned {"adhanTime": 2026-06-05T12:00:00.000Z, "assignedMuezzinName": "Farid", "assignedMuezzinUserId": "aef08a87-4ebc-4820-b916-1b52cb2d27b2", "assignmentSource": "default", "id": "52fbe3bf-2d08-4009-9921-208afb5b3169-2026-06-05-dhuhr", "iqamaTime": null, "isAssignedToMe": true, "liveWindowEnd": 2026-06-05T12:02:00.000Z, "liveWindowStart": 2026-06-05T11:57:00.000Z, "mosqueId": "52fbe3bf-2d08-4009-9921-208afb5b3169", "mosqueName": "Harrow Mosque", "notes": null, "prayerName": "Dhuhr", "status": "scheduled"} error null
 LOG  [useMuezzinSchedule] schedule {"date": 2026-06-04T23:00:00.000Z, "mosqueId": "52fbe3bf-2d08-4009-9921-208afb5b3169", "mosqueName": "Harrow Mosque", "nextAssignedSlot": {"adhanTime": 2026-06-05T12:00:00.000Z, "assignedMuezzinName": "Farid", "assignedMuezzinUserId": "aef08a87-4ebc-4820-b916-1b52cb2d27b2", "assignmentSource": "default", "id": "52fbe3bf-2d08-4009-9921-208afb5b3169-2026-06-05-dhuhr", "iqamaTime": null, "isAssignedToMe": true, "liveWindowEnd": 2026-06-05T12:02:00.000Z, "liveWindowStart": 2026-06-05T11:57:00.000Z, "mosqueId": "52fbe3bf-2d08-4009-9921-208afb5b3169", "mosqueName": "Harrow Mosque", "notes": null, "prayerName": "Dhuhr", "status": "scheduled"}, "nextMosqueSlot": {"adhanTime": 2026-06-05T12:00:00.000Z, "assignedMuezzinName": "Farid", "assignedMuezzinUserId": "aef08a87-4ebc-4820-b916-1b52cb2d27b2", "assignmentSource": "default", "id": "52fbe3bf-2d08-4009-9921-208afb5b3169-2026-06-05-dhuhr", "iqamaTime": null, "isAssignedToMe": true, "liveWindowEnd": 2026-06-05T12:02:00.000Z, "liveWindowStart": 2026-06-05T11:57:00.000Z, "mosqueId": "52fbe3bf-2d08-4009-9921-208afb5b3169", "mosqueName": "Harrow Mosque", "notes": null, "prayerName": "Dhuhr", "status": "scheduled"}, "slots": [{"adhanTime": 2026-06-05T01:52:00.000Z, "assignedMuezzinName": "Farid", "assignedMuezzinUserId": "aef08a87-4ebc-4820-b916-1b52cb2d27b2", "assignmentSource": "default", "id": "52fbe3bf-2d08-4009-9921-208afb5b3169-2026-06-05-fajr", "iqamaTime": null, "isAssignedToMe": true, "liveWindowEnd": 2026-06-05T01:54:00.000Z, "liveWindowStart": 2026-06-05T01:49:00.000Z, "mosqueId": "52fbe3bf-2d08-4009-9921-208afb5b3169", "mosqueName": "Harrow Mosque", "notes": null, "prayerName": "Fajr", "status": "completed"}, {"adhanTime": 2026-06-05T12:00:00.000Z, "assignedMuezzinName": "Farid", "assignedMuezzinUserId": "aef08a87-4ebc-4820-b916-1b52cb2d27b2", "assignmentSource": "default", "id": "52fbe3bf-2d08-4009-9921-208afb5b3169-2026-06-05-dhuhr", "iqamaTime": null, "isAssignedToMe": true, "liveWindowEnd": 2026-06-05T12:02:00.000Z, "liveWindowStart": 2026-06-05T11:57:00.000Z, "mosqueId": "52fbe3bf-2d08-4009-9921-208afb5b3169", "mosqueName": "Harrow Mosque", "notes": null, "prayerName": "Dhuhr", "status": "scheduled"}, {"adhanTime": 2026-06-05T17:34:00.000Z, "assignedMuezzinName": "Farid", "assignedMuezzinUserId": "aef08a87-4ebc-4820-b916-1b52cb2d27b2", "assignmentSource": "default", "id": "52fbe3bf-2d08-4009-9921-208afb5b3169-2026-06-05-asr", "iqamaTime": null, "isAssignedToMe": true, "liveWindowEnd": 2026-06-05T17:36:00.000Z, "liveWindowStart": 2026-06-05T17:31:00.000Z, "mosqueId": "52fbe3bf-2d08-4009-9921-208afb5b3169", "mosqueName": "Harrow Mosque", "notes": null, "prayerName": "Asr", "status": "scheduled"}, {"adhanTime": 2026-06-05T20:13:00.000Z, "assignedMuezzinName": "Farid", "assignedMuezzinUserId": "aef08a87-4ebc-4820-b916-1b52cb2d27b2", "assignmentSource": "default", "id": "52fbe3bf-2d08-4009-9921-208afb5b3169-2026-06-05-maghrib", "iqamaTime": null, "isAssignedToMe": true, "liveWindowEnd": 2026-06-05T20:15:00.000Z, "liveWindowStart": 2026-06-05T20:10:00.000Z, "mosqueId": "52fbe3bf-2d08-4009-9921-208afb5b3169", "mosqueName": "Harrow Mosque", "notes": null, "prayerName": "Maghrib", "status": "scheduled"}, {"adhanTime": 2026-06-05T21:28:00.000Z, "assignedMuezzinName": "Farid", "assignedMuezzinUserId": "aef08a87-4ebc-4820-b916-1b52cb2d27b2", "assignmentSource": "default", "id": "52fbe3bf-2d08-4009-9921-208afb5b3169-2026-06-05-isha", "iqamaTime": null, "isAssignedToMe": true, "liveWindowEnd": 2026-06-05T21:30:00.000Z, "liveWindowStart": 2026-06-05T21:25:00.000Z, "mosqueId": "52fbe3bf-2d08-4009-9921-208afb5b3169", "mosqueName": "Harrow Mosque", "notes": null, "prayerName": "Isha", "status": "scheduled"}]} nextAssigned {"adhanTime": 2026-06-05T12:00:00.000Z, "assignedMuezzinName": "Farid", "assignedMuezzinUserId": "aef08a87-4ebc-4820-b916-1b52cb2d27b2", "assignmentSource": "default", "id": "52fbe3bf-2d08-4009-9921-208afb5b3169-2026-06-05-dhuhr", "iqamaTime": null, "isAssignedToMe": true, "liveWindowEnd": 2026-06-05T12:02:00.000Z, "liveWindowStart": 2026-06-05T11:57:00.000Z, "mosqueId": "52fbe3bf-2d08-4009-9921-208afb5b3169", "mosqueName": "Harrow Mosque", "notes": null, "prayerName": "Dhuhr", "status": "scheduled"} error null
 LOG  [useMuezzinSchedule] schedule {"date": 2026-06-04T23:00:00.000Z, "mosqueId": "52fbe3bf-2d08-4009-9921-208afb5b3169", "mosqueName": "Harrow Mosque", "nextAssignedSlot": {"adhanTime": 2026-06-05T12:00:00.000Z, "assignedMuezzinName": "Farid", "assignedMuezzinUserId": "aef08a87-4ebc-4820-b916-1b52cb2d27b2", "assignmentSource": "default", "id": "52fbe3bf-2d08-4009-9921-208afb5b3169-2026-06-05-dhuhr", "iqamaTime": null, "isAssignedToMe": true, "liveWindowEnd": 2026-06-05T12:02:00.000Z, "liveWindowStart": 2026-06-05T11:57:00.000Z, "mosqueId": "52fbe3bf-2d08-4009-9921-208afb5b3169", "mosqueName": "Harrow Mosque", "notes": null, "prayerName": "Dhuhr", "status": "scheduled"}, "nextMosqueSlot": {"adhanTime": 2026-06-05T12:00:00.000Z, "assignedMuezzinName": "Farid", "assignedMuezzinUserId": "aef08a87-4ebc-4820-b916-1b52cb2d27b2", "assignmentSource": "default", "id": "52fbe3bf-2d08-4009-9921-208afb5b3169-2026-06-05-dhuhr", "iqamaTime": null, "isAssignedToMe": true, "liveWindowEnd": 2026-06-05T12:02:00.000Z, "liveWindowStart": 2026-06-05T11:57:00.000Z, "mosqueId": "52fbe3bf-2d08-4009-9921-208afb5b3169", "mosqueName": "Harrow Mosque", "notes": null, "prayerName": "Dhuhr", "status": "scheduled"}, "slots": [{"adhanTime": 2026-06-05T01:52:00.000Z, "assignedMuezzinName": "Farid", "assignedMuezzinUserId": "aef08a87-4ebc-4820-b916-1b52cb2d27b2", "assignmentSource": "default", "id": "52fbe3bf-2d08-4009-9921-208afb5b3169-2026-06-05-fajr", "iqamaTime": null, "isAssignedToMe": true, "liveWindowEnd": 2026-06-05T01:54:00.000Z, "liveWindowStart": 2026-06-05T01:49:00.000Z, "mosqueId": "52fbe3bf-2d08-4009-9921-208afb5b3169", "mosqueName": "Harrow Mosque", "notes": null, "prayerName": "Fajr", "status": "completed"}, {"adhanTime": 2026-06-05T12:00:00.000Z, "assignedMuezzinName": "Farid", "assignedMuezzinUserId": "aef08a87-4ebc-4820-b916-1b52cb2d27b2", "assignmentSource": "default", "id": "52fbe3bf-2d08-4009-9921-208afb5b3169-2026-06-05-dhuhr", "iqamaTime": null, "isAssignedToMe": true, "liveWindowEnd": 2026-06-05T12:02:00.000Z, "liveWindowStart": 2026-06-05T11:57:00.000Z, "mosqueId": "52fbe3bf-2d08-4009-9921-208afb5b3169", "mosqueName": "Harrow Mosque", "notes": null, "prayerName": "Dhuhr", "status": "scheduled"}, {"adhanTime": 2026-06-05T17:34:00.000Z, "assignedMuezzinName": "Farid", "assignedMuezzinUserId": "aef08a87-4ebc-4820-b916-1b52cb2d27b2", "assignmentSource": "default", "id": "52fbe3bf-2d08-4009-9921-208afb5b3169-2026-06-05-asr", "iqamaTime": null, "isAssignedToMe": true, "liveWindowEnd": 2026-06-05T17:36:00.000Z, "liveWindowStart": 2026-06-05T17:31:00.000Z, "mosqueId": "52fbe3bf-2d08-4009-9921-208afb5b3169", "mosqueName": "Harrow Mosque", "notes": null, "prayerName": "Asr", "status": "scheduled"}, {"adhanTime": 2026-06-05T20:13:00.000Z, "assignedMuezzinName": "Farid", "assignedMuezzinUserId": "aef08a87-4ebc-4820-b916-1b52cb2d27b2", "assignmentSource": "default", "id": "52fbe3bf-2d08-4009-9921-208afb5b3169-2026-06-05-maghrib", "iqamaTime": null, "isAssignedToMe": true, "liveWindowEnd": 2026-06-05T20:15:00.000Z, "liveWindowStart": 2026-06-05T20:10:00.000Z, "mosqueId": "52fbe3bf-2d08-4009-9921-208afb5b3169", "mosqueName": "Harrow Mosque", "notes": null, "prayerName": "Maghrib", "status": "scheduled"}, {"adhanTime": 2026-06-05T21:28:00.000Z, "assignedMuezzinName": "Farid", "assignedMuezzinUserId": "aef08a87-4ebc-4820-b916-1b52cb2d27b2", "assignmentSource": "default", "id": "52fbe3bf-2d08-4009-9921-208afb5b3169-2026-06-05-isha", "iqamaTime": null, "isAssignedToMe": true, "liveWindowEnd": 2026-06-05T21:30:00.000Z, "liveWindowStart": 2026-06-05T21:25:00.000Z, "mosqueId": "52fbe3bf-2d08-4009-9921-208afb5b3169", "mosqueName": "Harrow Mosque", "notes": null, "prayerName": "Isha", "status": "scheduled"}]} nextAssigned {"adhanTime": 2026-06-05T12:00:00.000Z, "assignedMuezzinName": "Farid", "assignedMuezzinUserId": "aef08a87-4ebc-4820-b916-1b52cb2d27b2", "assignmentSource": "default", "id": "52fbe3bf-2d08-4009-9921-208afb5b3169-2026-06-05-dhuhr", "iqamaTime": null, "isAssignedToMe": true, "liveWindowEnd": 2026-06-05T12:02:00.000Z, "liveWindowStart": 2026-06-05T11:57:00.000Z, "mosqueId": "52fbe3bf-2d08-4009-9921-208afb5b3169", "mosqueName": "Harrow Mosque", "notes": null, "prayerName": "Dhuhr", "status": "scheduled"} error null
Web node_modules\expo-router\entry.js ░░░░░░░░░░░░░░░░  0.0% (0/1)
Web node_modules\expo-router\entry.js ░░░░░░░░░░░░░░░░  1.0% (1/1)
λ node_modules\expo-router\node\render.js ▓▓░░░░░░░░░░░░░░ 14.2% (129/384)
Web node_modules\expo-router\entry.js ░░░░░░░░░░░░░░░░  1.0% (1/1)
λ node_modules\expo-router\node\render.js ▓▓▓▓▓▓▓▓▓▓░░░░░░ 62.9% (661/836)
Web node_modules\expo-router\entry.js ▓▓░░░░░░░░░░░░░░ 17.4% ( 5/12)
λ node_modules\expo-router\node\render.js ▓▓▓▓▓▓▓▓▓▓▓▓▓░░░ 83.2% (1153/1309)
Web node_modules\expo-router\entry.js ▓▓▓▓░░░░░░░░░░░░ 25.0% ( 36/129)
λ node_modules\expo-router\node\render.js ▓▓▓▓▓▓▓▓▓▓▓▓▓▓░░ 92.7% (1641/1704)
λ Bundled 17461ms node_modules\expo-router\node\render.js (1794 modules)
Web node_modules\expo-router\entry.js ▓▓▓▓░░░░░░░░░░░░ 25.0% ( 88/178)
Web node_modules\expo-router\entry.js ▓▓▓▓░░░░░░░░░░░░ 26.4% (184/396)
Web node_modules\expo-router\entry.js ▓▓▓▓░░░░░░░░░░░░ 26.4% (200/431)
Web node_modules\expo-router\entry.js ▓▓▓▓░░░░░░░░░░░░ 27.2% (240/463)
Web node_modules\expo-router\entry.js ▓▓▓▓░░░░░░░░░░░░ 27.2% (241/463)
Web node_modules\expo-router\entry.js ▓▓▓▓▓▓░░░░░░░░░░ 39.1% (385/616)
Web node_modules\expo-router\entry.js ▓▓▓▓▓▓░░░░░░░░░░ 41.9% (427/700)
Web node_modules\expo-router\entry.js ▓▓▓▓▓▓░░░░░░░░░░ 41.9% (443/707)
Web node_modules\expo-router\entry.js ▓▓▓▓▓▓░░░░░░░░░░ 42.0% (464/716)
Web node_modules\expo-router\entry.js ▓▓▓▓▓▓▓▓░░░░░░░░ 51.6% (556/774)
Web node_modules\expo-router\entry.js ▓▓▓▓▓▓▓▓░░░░░░░░ 52.6% (693/971)
Web node_modules\expo-router\entry.js ▓▓▓▓▓▓▓▓▓▓░░░░░░ 65.5% ( 844/1043)
Web node_modules\expo-router\entry.js ▓▓▓▓▓▓▓▓▓▓▓▓░░░░ 78.0% ( 961/1096)
Web node_modules\expo-router\entry.js ▓▓▓▓▓▓▓▓▓▓▓▓▓▓░░ 89.4% (1232/1366)
Web node_modules\expo-router\entry.js ▓▓▓▓▓▓▓▓▓▓▓▓▓▓░░ 92.1% (1451/1520)
Web node_modules\expo-router\entry.js ▓▓▓▓▓▓▓▓▓▓▓▓▓▓▓░ 98.9% (1578/1587)
Web node_modules\expo-router\entry.js ▓▓▓▓▓▓▓▓▓▓▓▓▓▓▓░ 99.0% (1579/1587)
Web Bundled 86414ms node_modules\expo-router\entry.js (1587 modules)
Web node_modules\expo-router\entry.js ░░░░░░░░░░░░░░░░  0.0% (0/1)
λ Bundled 1882ms node_modules\expo-router\node\render.js (1 module)
Web node_modules\expo-router\entry.js ░░░░░░░░░░░░░░░░  0.0% (0/1)
Web Bundled 7023ms node_modules\expo-router\entry.js (1 module)
Web node_modules\expo-router\entry.js ░░░░░░░░░░░░░░░░  0.0% (0/1)
Web node_modules\expo-router\entry.js ░░░░░░░░░░░░░░░░  0.0% (0/1)
Web node_modules\expo-router\entry.js ▓▓▓▓▓░░░░░░░░░░░ 34.0% (19/41)
Web node_modules\expo-router\entry.js ▓▓▓▓▓░░░░░░░░░░░ 34.0% (126/338)
Web node_modules\expo-router\entry.js ▓▓▓▓▓░░░░░░░░░░░ 34.0% (171/390)
Web node_modules\expo-router\entry.js ▓▓▓▓▓░░░░░░░░░░░ 34.0% (218/427)
Web node_modules\expo-router\entry.js ▓▓▓▓▓░░░░░░░░░░░ 34.0% (320/562)
Web node_modules\expo-router\entry.js ▓▓▓▓▓▓░░░░░░░░░░ 39.8% (374/593)
Web node_modules\expo-router\entry.js ▓▓▓▓▓▓░░░░░░░░░░ 41.1% (425/663)
Web node_modules\expo-router\entry.js ▓▓▓▓▓▓░░░░░░░░░░ 43.7% (601/909)
Web node_modules\expo-router\entry.js ▓▓▓▓▓▓▓▓▓▓░░░░░░ 63.9% ( 829/1037)
Web node_modules\expo-router\entry.js ▓▓▓▓▓▓▓▓▓▓▓▓▓░░░ 85.5% (1078/1166)
Web node_modules\expo-router\entry.js ▓▓▓▓▓▓▓▓▓▓▓▓▓▓░░ 88.2% (1365/1479)
Web node_modules\expo-router\entry.js ▓▓▓▓▓▓▓▓▓▓▓▓▓▓▓░ 97.2% (1563/1585)
Web Bundled 45693ms node_modules\expo-router\entry.js (1589 modules)
 LOG  [web] Logs will appear in the browser console
λ app\api\session-access+api.ts ░░░░░░░░░░░░░░░░  0.0% (0/1)
λ Bundled 326ms app\api\session-access+api.ts (51 modules)
λ app\api\admin\mosque-workspace+api.ts ░░░░░░░░░░░░░░░░  0.0% (0/1)
λ Bundled 200ms app\api\admin\mosque-workspace+api.ts (42 modules)
λ app\api\admin\prayer-times-workspace+api.ts ░░░░░░░░░░░░░░░░  0.0% (0/1)
λ Bundled 166ms app\api\admin\prayer-times-workspace+api.ts (55 modules)
