Error: Premature close
    at onclose (node:internal/streams/end-of-stream:162:30)
    at processTicksAndRejections (node:internal/process/task_queues:85:11)
    at runNextTicks (node:internal/process/task_queues:69:3)
    at listOnTimeout (node:internal/timers:549:9)
    at processTimers (node:internal/timers:523:7)
Error: Premature close
    at onclose (node:internal/streams/end-of-stream:162:30)
    at processTicksAndRejections (node:internal/process/task_queues:85:11)
    at runNextTicks (node:internal/process/task_queues:69:3)
    at listOnTimeout (node:internal/timers:549:9)
    at processTimers (node:internal/timers:523:7)
Error: Premature close
    at onclose (node:internal/streams/end-of-stream:162:30)
    at processTicksAndRejections (node:internal/process/task_queues:85:11)
Error: Premature close
    at onclose (node:internal/streams/end-of-stream:162:30)
    at processTicksAndRejections (node:internal/process/task_queues:85:11)
"shadow*" style props are deprecated. Use "boxShadow".
[expo-av]: Expo AV has been deprecated and will be removed in SDK 54. Use the `expo-audio` and `expo-video` packages to replace the required functionality.
"shadow*" style props are deprecated. Use "boxShadow".
[expo-av]: Expo AV has been deprecated and will be removed in SDK 54. Use the `expo-audio` and `expo-video` packages to replace the required functionality.
"shadow*" style props are deprecated. Use "boxShadow".
[expo-av]: Expo AV has been deprecated and will be removed in SDK 54. Use the `expo-audio` and `expo-video` packages to replace the required functionality.
"shadow*" style props are deprecated. Use "boxShadow".
[expo-av]: Expo AV has been deprecated and will be removed in SDK 54. Use the `expo-audio` and `expo-video` packages to replace the required functionality.
"shadow*" style props are deprecated. Use "boxShadow".
[expo-av]: Expo AV has been deprecated and will be removed in SDK 54. Use the `expo-audio` and `expo-video` packages to replace the required functionality.
Error: Premature close
    at onclose (node:internal/streams/end-of-stream:162:30)
    at processTicksAndRejections (node:internal/process/task_queues:85:11)
"shadow*" style props are deprecated. Use "boxShadow".
[expo-av]: Expo AV has been deprecated and will be removed in SDK 54. Use the `expo-audio` and `expo-video` packages to replace the required functionality.
"shadow*" style props are deprecated. Use "boxShadow".
[expo-av]: Expo AV has been deprecated and will be removed in SDK 54. Use the `expo-audio` and `expo-video` packages to replace the required functionality.
Error: Premature close
    at onclose (node:internal/streams/end-of-stream:162:30)
    at processTicksAndRejections (node:internal/process/task_queues:85:11)
Error: Premature close
    at onclose (node:internal/streams/end-of-stream:162:30)
    at processTicksAndRejections (node:internal/process/task_queues:85:11)
Error: Premature close
    at onclose (node:internal/streams/end-of-stream:162:30)
    at processTicksAndRejections (node:internal/process/task_queues:85:11)
Error: Premature close
    at onclose (node:internal/streams/end-of-stream:162:30)
    at processTicksAndRejections (node:internal/process/task_queues:85:11)
Error: Premature close
    at onclose (node:internal/streams/end-of-stream:162:30)
    at processTicksAndRejections (node:internal/process/task_queues:85:11)
Error: Premature close
    at onclose (node:internal/streams/end-of-stream:162:30)
    at processTicksAndRejections (node:internal/process/task_queues:85:11)
Error: Premature close
    at onclose (node:internal/streams/end-of-stream:162:30)
    at processTicksAndRejections (node:internal/process/task_queues:85:11)
