The following packages should be updated for best compatibility with the installed expo version:
  expo@54.0.33 - expected version: ~54.0.34
  expo-file-system@19.0.21 - expected version: ~19.0.22
  expo-linking@8.0.11 - expected version: ~8.0.12
  expo-web-browser@15.0.10 - expected version: ~15.0.11
Your project may not work correctly until you install the expected versions of the packages.
Error: Premature close
    at onclose (node:internal/streams/end-of-stream:162:30)
    at processTicksAndRejections (node:internal/process/task_queues:85:11)
Error: Premature close
    at onclose (node:internal/streams/end-of-stream:162:30)
    at processTicksAndRejections (node:internal/process/task_queues:85:11)
Error: Premature close
    at onclose (node:internal/streams/end-of-stream:162:30)
    at processTicksAndRejections (node:internal/process/task_queues:85:11)
    at runNextTicks (node:internal/process/task_queues:69:3)
    at listOnTimeout (node:internal/timers:549:9)
    at processTimers (node:internal/timers:523:7)
Error: Premature close
    at onclose (node:internal/streams/end-of-stream:162:30)
    at processTicksAndRejections (node:internal/process/task_queues:85:11)
Error: Premature close
    at onclose (node:internal/streams/end-of-stream:162:30)
    at processTicksAndRejections (node:internal/process/task_queues:85:11)
    at runNextTicks (node:internal/process/task_queues:69:3)
    at listOnTimeout (node:internal/timers:549:9)
    at processTimers (node:internal/timers:523:7)
Error: Premature close
    at onclose (node:internal/streams/end-of-stream:162:30)
    at processTicksAndRejections (node:internal/process/task_queues:85:11)
Error: Premature close
    at onclose (node:internal/streams/end-of-stream:162:30)
    at processTicksAndRejections (node:internal/process/task_queues:85:11)
    at runNextTicks (node:internal/process/task_queues:69:3)
    at listOnTimeout (node:internal/timers:549:9)
    at processTimers (node:internal/timers:523:7)
Error: Premature close
    at onclose (node:internal/streams/end-of-stream:162:30)
    at processTicksAndRejections (node:internal/process/task_queues:85:11)
    at runNextTicks (node:internal/process/task_queues:69:3)
    at processTimers (node:internal/timers:520:9)
