The following packages should be updated for best compatibility with the installed expo version:
  expo@54.0.33 - expected version: ~54.0.34
  expo-file-system@19.0.21 - expected version: ~19.0.22
  expo-linking@8.0.11 - expected version: ~8.0.12
  expo-web-browser@15.0.10 - expected version: ~15.0.11
Your project may not work correctly until you install the expected versions of the packages.
Error: No host header was found.
    at Server._processRequest (C:\Users\hmakh\Documents\Project\adhan-connect\node_modules\metro\src\Server.js:485:13)
    at processRequest (C:\Users\hmakh\Documents\Project\adhan-connect\node_modules\metro\src\Server.js:461:10)
    at call (C:\Users\hmakh\Documents\Project\adhan-connect\node_modules\connect\index.js:239:7)
    at next (C:\Users\hmakh\Documents\Project\adhan-connect\node_modules\connect\index.js:183:5)
    at Immediate.next (C:\Users\hmakh\Documents\Project\adhan-connect\node_modules\connect\index.js:161:14)
    at processImmediate (node:internal/timers:487:21)
"shadow*" style props are deprecated. Use "boxShadow".
[expo-av]: Expo AV has been deprecated and will be removed in SDK 54. Use the `expo-audio` and `expo-video` packages to replace the required functionality.
λ  WARN  props.pointerEvents is deprecated. Use style.pointerEvents 
  console.warn (C:\Users\hmakh\Documents\Project\adhan-connect\node_modules\expo\node_modules\@expo\cli\src\start\server\serverLogLikeMetro.ts:161:21)
  warnOnce (C:\Users\hmakh\Documents\Project\adhan-connect\node_modules\react-native-web\dist\modules\warnOnce\index.js:24:13)
  createDOMProps (C:\Users\hmakh\Documents\Project\adhan-connect\node_modules\react-native-web\dist\modules\createDOMProps\index.js:805:13)
  createElement (C:\Users\hmakh\Documents\Project\adhan-connect\node_modules\react-native-web\dist\exports\createElement\index.js:23:32)
  Component (C:\Users\hmakh\Documents\Project\adhan-connect\node_modules\react-native-web\dist\exports\View\index.js:111:23)
  Object.callComponentInDEV [as react-stack-bottom-frame] (C:\Users\hmakh\Documents\Project\adhan-connect\node_modules\react-dom\cjs\react-dom-server-legacy.node.development.js:8970:18)
  renderWithHooks (C:\Users\hmakh\Documents\Project\adhan-connect\node_modules\react-dom\cjs\react-dom-server-legacy.node.development.js:4699:19)
  run (C:\Users\hmakh\Documents\Project\adhan-connect\node_modules\react-dom\cjs\react-dom-server-legacy.node.development.js:5539:39)
  retryNode (C:\Users\hmakh\Documents\Project\adhan-connect\node_modules\react-dom\cjs\react-dom-server-legacy.node.development.js:5899:31)
  renderNodeDestructive (C:\Users\hmakh\Documents\Project\adhan-connect\node_modules\react-dom\cjs\react-dom-server-legacy.node.development.js:5849:11)
Error: Premature close
    at onclose (node:internal/streams/end-of-stream:162:30)
    at processTicksAndRejections (node:internal/process/task_queues:85:11)
