env: load .env.local .env
env: export EXPO_PUBLIC_SUPABASE_URL EXPO_PUBLIC_SUPABASE_ANON_KEY EXPO_PUBLIC_SUPABASE_REDIRECT_URL EXPO_PUBLIC_API_BASE_URL LIVEKIT_API_KEY LIVEKIT_API_SECRET LIVEKIT_URL SUPABASE_URL SUPABASE_SERVICE_ROLE SUPABASE_ACCESS_TOKEN EXPO_FORCE_WEBCONTAINER_ENV
Starting project at C:\Users\hmakh\Documents\Project\adhan-connect
React Compiler enabled
Starting Metro Bundler
Waiting on http://localhost:8081
Logs for your project will appear below.
Android node_modules\expo-router\entry.js ▓▓▓▓▓░░░░░░░░░░░ 32.2% (403/710)
λ app\api\muezzin\live-broadcast+api.ts ▓▓▓▓▓▓▓▓░░░░░░░░ 50.1% ( 94/167)
Android node_modules\expo-router\entry.js ▓▓▓▓▓▓▓▓▓▓▓░░░░░ 70.9% (1165/1384)
λ app\api\muezzin\live-broadcast+api.ts ▓▓▓▓▓▓▓▓▓▓▓▓▓▓▓░ 96.0% (243/248)
Android node_modules\expo-router\entry.js ░░░░░░░░░░░░░░░░  0.0% (0/1)
λ Bundled 7415ms app\api\muezzin\live-broadcast+api.ts (248 modules)
Android node_modules\expo-router\entry.js ▓▓▓▓▓▓▓▓▓▓▓▓▓▓▓░ 94.0% (1775/1831)
Android node_modules\expo-router\entry.js ░░░░░░░░░░░░░░░░  0.0% (0/1)
Android Bundled 10234ms node_modules\expo-router\entry.js (1873 modules)
Android Bundled 5975ms node_modules\expo-router\entry.js (1 module)
 WARN  [expo-av]: Expo AV has been deprecated and will be removed in SDK 54. Use the `expo-audio` and `expo-video` packages to replace the required functionality.
 WARN  The app is running using the Legacy Architecture. The Legacy Architecture is deprecated and will be removed in a future version of React Native. Please consider migrating to the New Architecture. For more information, please see https://reactnative.dev/blog/2024/10/23/the-new-architecture-is-here
 WARN  [expo-av]: Expo AV has been deprecated and will be removed in SDK 54. Use the `expo-audio` and `expo-video` packages to replace the required functionality.
 WARN  The app is running using the Legacy Architecture. The Legacy Architecture is deprecated and will be removed in a future version of React Native. Please consider migrating to the New Architecture. For more information, please see https://reactnative.dev/blog/2024/10/23/the-new-architecture-is-here
 LOG  [RootNavigator] {"authLoading": true, "pathname": "/", "preferredEntry": null, "preferredEntryLoaded": false, "role": "user", "roleSelectionLoaded": false, "roleSelectionRequired": false, "rolesLoading": true, "segments": [], "sessionUserId": null, "targetHref": "/listener-home", "targetStack": "/listener-home"}
 LOG  [useAdminMosque] mosques state [] selected null error null
 LOG  [RootNavigator] {"authLoading": true, "pathname": "/", "preferredEntry": null, "preferredEntryLoaded": true, "role": null, "roleSelectionLoaded": true, "roleSelectionRequired": false, "rolesLoading": false, "segments": [], "sessionUserId": null, "targetHref": "/listener-home", "targetStack": "/listener-home"}
 LOG  [RootNavigator] {"authLoading": true, "pathname": "/", "preferredEntry": null, "preferredEntryLoaded": true, "role": null, "roleSelectionLoaded": true, "roleSelectionRequired": false, "rolesLoading": false, "segments": ["(admin)"], "sessionUserId": null, "targetHref": "/listener-home", "targetStack": "/listener-home"}
 LOG  [adminMosques] no auth user [AuthSessionMissingError: Auth session missing!]
 LOG  [useAdminMosque] mosques state [] selected null error Auth session missing!
 LOG  [RootNavigator] redirect sign-in {"pathname": "/", "segments": ["(admin)"]}
 LOG  [RootNavigator] {"authLoading": false, "pathname": "/", "preferredEntry": null, "preferredEntryLoaded": true, "role": null, "roleSelectionLoaded": true, "roleSelectionRequired": false, "rolesLoading": false, "segments": ["(admin)"], "sessionUserId": null, "targetHref": "/listener-home", "targetStack": "/listener-home"}
 LOG  [RootNavigator] redirect sign-in {"pathname": "/", "segments": []}
 LOG  [RootNavigator] {"authLoading": false, "pathname": "/", "preferredEntry": null, "preferredEntryLoaded": true, "role": null, "roleSelectionLoaded": true, "roleSelectionRequired": false, "rolesLoading": false, "segments": [], "sessionUserId": null, "targetHref": "/listener-home", "targetStack": "/listener-home"}
 LOG  [RootNavigator] {"authLoading": true, "pathname": "/sign-in", "preferredEntry": null, "preferredEntryLoaded": false, "role": "user", "roleSelectionLoaded": false, "roleSelectionRequired": false, "rolesLoading": true, "segments": ["(auth)", "sign-in"], "sessionUserId": null, "targetHref": "/listener-home", "targetStack": "/listener-home"}
 LOG  [RootNavigator] {"authLoading": true, "pathname": "/sign-in", "preferredEntry": null, "preferredEntryLoaded": true, "role": null, "roleSelectionLoaded": true, "roleSelectionRequired": false, "rolesLoading": false, "segments": ["(auth)", "sign-in"], "sessionUserId": null, "targetHref": "/listener-home", "targetStack": "/listener-home"}
 LOG  [RootNavigator] {"authLoading": false, "pathname": "/sign-in", "preferredEntry": null, "preferredEntryLoaded": true, "role": null, "roleSelectionLoaded": true, "roleSelectionRequired": false, "rolesLoading": false, "segments": ["(auth)", "sign-in"], "sessionUserId": null, "targetHref": "/listener-home", "targetStack": "/listener-home"}
 LOG  [auth] signIn attempt {"emailDomain": "gmail.com", "projectRef": "yecbsezhwvpdkuzmmziv"}
 LOG  [RootNavigator] redirect target {"currentRoot": "/(auth)", "isAtGroupedRootIndex": false, "pathname": "/sign-in", "segments": ["(auth)", "sign-in"], "targetHref": "/listener-home", "targetStack": "/listener-home"}
 LOG  [RootNavigator] {"authLoading": false, "pathname": "/sign-in", "preferredEntry": null, "preferredEntryLoaded": true, "role": null, "roleSelectionLoaded": true, "roleSelectionRequired": false, "rolesLoading": false, "segments": ["(auth)", "sign-in"], "sessionUserId": "aef08a87-4ebc-4820-b916-1b52cb2d27b2", "targetHref": "/listener-home", "targetStack": "/listener-home"}
 LOG  [RootNavigator] {"authLoading": false, "pathname": "/sign-in", "preferredEntry": null, "preferredEntryLoaded": false, "role": null, "roleSelectionLoaded": false, "roleSelectionRequired": false, "rolesLoading": true, "segments": ["(auth)", "sign-in"], "sessionUserId": "aef08a87-4ebc-4820-b916-1b52cb2d27b2", "targetHref": "/listener-home", "targetStack": "/listener-home"}
 LOG  [RootNavigator] {"authLoading": false, "pathname": "/sign-in", "preferredEntry": null, "preferredEntryLoaded": true, "role": null, "roleSelectionLoaded": false, "roleSelectionRequired": false, "rolesLoading": true, "segments": ["(auth)", "sign-in"], "sessionUserId": "aef08a87-4ebc-4820-b916-1b52cb2d27b2", "targetHref": "/listener-home", "targetStack": "/listener-home"}
 LOG  [RootNavigator] {"authLoading": false, "pathname": "/sign-in", "preferredEntry": null, "preferredEntryLoaded": true, "role": null, "roleSelectionLoaded": true, "roleSelectionRequired": false, "rolesLoading": true, "segments": ["(auth)", "sign-in"], "sessionUserId": "aef08a87-4ebc-4820-b916-1b52cb2d27b2", "targetHref": "/listener-home", "targetStack": "/listener-home"}
 LOG  [RootNavigator] {"authLoading": false, "pathname": "/sign-in", "preferredEntry": null, "preferredEntryLoaded": true, "role": null, "roleSelectionLoaded": true, "roleSelectionRequired": true, "rolesLoading": true, "segments": ["(auth)", "sign-in"], "sessionUserId": "aef08a87-4ebc-4820-b916-1b52cb2d27b2", "targetHref": "/listener-home", "targetStack": "/listener-home"}
 LOG  [auth] signIn succeeded {"projectRef": "yecbsezhwvpdkuzmmziv", "userId": "aef08a87-4ebc-4820-b916-1b52cb2d27b2"}
λ app\api\session-access+api.ts ▓░░░░░░░░░░░░░░░ 12.5% ( 6/17)
λ Bundled 599ms app\api\session-access+api.ts (87 modules)
 LOG  [RootNavigator] redirect target {"currentRoot": "/(auth)", "isAtGroupedRootIndex": false, "pathname": "/sign-in", "segments": ["(auth)", "sign-in"], "targetHref": "/role-entry", "targetStack": "/role-entry"}
 LOG  [RootNavigator] {"authLoading": false, "pathname": "/sign-in", "preferredEntry": null, "preferredEntryLoaded": true, "role": "local_admin", "roleSelectionLoaded": true, "roleSelectionRequired": true, "rolesLoading": false, "segments": ["(auth)", "sign-in"], "sessionUserId": "aef08a87-4ebc-4820-b916-1b52cb2d27b2", "targetHref": "/role-entry", "targetStack": "/role-entry"}
 LOG  [RootNavigator] redirect target {"currentRoot": "/", "isAtGroupedRootIndex": true, "pathname": "/", "segments": [], "targetHref": "/role-entry", "targetStack": "/role-entry"}
 LOG  [RootNavigator] {"authLoading": false, "pathname": "/", "preferredEntry": null, "preferredEntryLoaded": true, "role": "local_admin", "roleSelectionLoaded": true, "roleSelectionRequired": true, "rolesLoading": false, "segments": [], "sessionUserId": "aef08a87-4ebc-4820-b916-1b52cb2d27b2", "targetHref": "/role-entry", "targetStack": "/role-entry"}
 LOG  [RootNavigator] {"authLoading": true, "pathname": "/role-entry", "preferredEntry": null, "preferredEntryLoaded": false, "role": "user", "roleSelectionLoaded": false, "roleSelectionRequired": false, "rolesLoading": true, "segments": ["role-entry"], "sessionUserId": null, "targetHref": "/listener-home", "targetStack": "/listener-home"}
 LOG  [RootNavigator] {"authLoading": true, "pathname": "/role-entry", "preferredEntry": null, "preferredEntryLoaded": true, "role": null, "roleSelectionLoaded": true, "roleSelectionRequired": false, "rolesLoading": false, "segments": ["role-entry"], "sessionUserId": null, "targetHref": "/listener-home", "targetStack": "/listener-home"}
 LOG  [RootNavigator] {"authLoading": true, "pathname": "/role-entry", "preferredEntry": null, "preferredEntryLoaded": true, "role": null, "roleSelectionLoaded": true, "roleSelectionRequired": false, "rolesLoading": false, "segments": ["role-entry"], "sessionUserId": "aef08a87-4ebc-4820-b916-1b52cb2d27b2", "targetHref": "/listener-home", "targetStack": "/listener-home"}
 LOG  [RootNavigator] {"authLoading": true, "pathname": "/role-entry", "preferredEntry": null, "preferredEntryLoaded": false, "role": null, "roleSelectionLoaded": false, "roleSelectionRequired": false, "rolesLoading": true, "segments": ["role-entry"], "sessionUserId": "aef08a87-4ebc-4820-b916-1b52cb2d27b2", "targetHref": "/listener-home", "targetStack": "/listener-home"}
 LOG  [RootNavigator] {"authLoading": false, "pathname": "/role-entry", "preferredEntry": null, "preferredEntryLoaded": false, "role": null, "roleSelectionLoaded": false, "roleSelectionRequired": false, "rolesLoading": true, "segments": ["role-entry"], "sessionUserId": "aef08a87-4ebc-4820-b916-1b52cb2d27b2", "targetHref": "/listener-home", "targetStack": "/listener-home"}
 LOG  [RootNavigator] {"authLoading": false, "pathname": "/role-entry", "preferredEntry": null, "preferredEntryLoaded": false, "role": "local_admin", "roleSelectionLoaded": false, "roleSelectionRequired": false, "rolesLoading": false, "segments": ["role-entry"], "sessionUserId": "aef08a87-4ebc-4820-b916-1b52cb2d27b2", "targetHref": "/role-entry", "targetStack": "/role-entry"}
 LOG  [RootNavigator] {"authLoading": false, "pathname": "/role-entry", "preferredEntry": null, "preferredEntryLoaded": true, "role": "local_admin", "roleSelectionLoaded": false, "roleSelectionRequired": false, "rolesLoading": false, "segments": ["role-entry"], "sessionUserId": "aef08a87-4ebc-4820-b916-1b52cb2d27b2", "targetHref": "/role-entry", "targetStack": "/role-entry"}
 LOG  [RootNavigator] {"authLoading": false, "pathname": "/role-entry", "preferredEntry": null, "preferredEntryLoaded": true, "role": "local_admin", "roleSelectionLoaded": false, "roleSelectionRequired": true, "rolesLoading": false, "segments": ["role-entry"], "sessionUserId": "aef08a87-4ebc-4820-b916-1b52cb2d27b2", "targetHref": "/role-entry", "targetStack": "/role-entry"}
 LOG  [RootNavigator] {"authLoading": false, "pathname": "/role-entry", "preferredEntry": null, "preferredEntryLoaded": true, "role": "local_admin", "roleSelectionLoaded": true, "roleSelectionRequired": true, "rolesLoading": false, "segments": ["role-entry"], "sessionUserId": "aef08a87-4ebc-4820-b916-1b52cb2d27b2", "targetHref": "/role-entry", "targetStack": "/role-entry"}
 LOG  [RootNavigator] {"authLoading": false, "pathname": "/role-entry", "preferredEntry": null, "preferredEntryLoaded": true, "role": "local_admin", "roleSelectionLoaded": true, "roleSelectionRequired": true, "rolesLoading": true, "segments": ["role-entry"], "sessionUserId": "aef08a87-4ebc-4820-b916-1b52cb2d27b2", "targetHref": "/role-entry", "targetStack": "/role-entry"}
 LOG  [RootNavigator] {"authLoading": false, "pathname": "/role-entry", "preferredEntry": null, "preferredEntryLoaded": true, "role": "local_admin", "roleSelectionLoaded": true, "roleSelectionRequired": true, "rolesLoading": false, "segments": ["role-entry"], "sessionUserId": "aef08a87-4ebc-4820-b916-1b52cb2d27b2", "targetHref": "/role-entry", "targetStack": "/role-entry"}
