env: load .env.local .env
env: export EXPO_PUBLIC_SUPABASE_URL EXPO_PUBLIC_SUPABASE_ANON_KEY EXPO_PUBLIC_SUPABASE_REDIRECT_URL EXPO_PUBLIC_API_BASE_URL LIVEKIT_API_KEY LIVEKIT_API_SECRET LIVEKIT_URL SUPABASE_URL SUPABASE_SERVICE_ROLE SUPABASE_ACCESS_TOKEN EXPO_FORCE_WEBCONTAINER_ENV
Starting project at C:\Users\hmakh\Documents\Project\adhan-connect
Starting Metro Bundler
Waiting on http://localhost:8083
Logs for your project will appear below.
Web node_modules\expo-router\entry.js ░░░░░░░░░░░░░░░░  0.0% (0/1)
λ node_modules\expo-router\node\render.js ░░░░░░░░░░░░░░░░  0.0% (0/1)
Web node_modules\expo-router\entry.js ░░░░░░░░░░░░░░░░  0.0% (0/1)
λ node_modules\expo-router\node\render.js ░░░░░░░░░░░░░░░░  0.0% (0/1)
Web node_modules\expo-router\entry.js ▓▓▓▓░░░░░░░░░░░░ 25.6% (199/393)
λ node_modules\expo-router\node\render.js ▓▓▓▓▓▓▓▓▓▓░░░░░░ 63.1% (611/800)
Web node_modules\expo-router\entry.js ░░░░░░░░░░░░░░░░  0.0% (0/1)
λ node_modules\expo-router\node\render.js ░░░░░░░░░░░░░░░░  0.0% (0/1)
Web node_modules\expo-router\entry.js ▓▓▓▓▓▓▓▓░░░░░░░░ 51.6% (554/779)
λ node_modules\expo-router\node\render.js ▓▓▓▓▓▓▓▓▓▓░░░░░░ 66.3% ( 868/1072)
Web node_modules\expo-router\entry.js ░░░░░░░░░░░░░░░░  0.0% (0/1)
λ node_modules\expo-router\node\render.js ░░░░░░░░░░░░░░░░  0.0% (0/1)
Web node_modules\expo-router\entry.js ▓▓▓▓▓▓▓▓▓▓▓▓▓░░░ 82.5% (1125/1244)
λ node_modules\expo-router\node\render.js ▓▓▓▓▓▓▓▓▓▓▓▓▓▓░░ 89.5% (1226/1296)
Web node_modules\expo-router\entry.js ░░░░░░░░░░░░░░░░  0.0% (0/1)
λ node_modules\expo-router\node\render.js ░░░░░░░░░░░░░░░░  0.0% (0/1)
Web node_modules\expo-router\entry.js ▓▓▓▓▓▓▓▓▓▓▓▓▓▓▓░ 99.9% (1546/1561)
λ node_modules\expo-router\node\render.js ▓▓▓▓▓▓▓▓▓▓▓▓▓▓▓░ 99.9% (1735/1775)
Web node_modules\expo-router\entry.js ░░░░░░░░░░░░░░░░  0.0% (0/1)
λ node_modules\expo-router\node\render.js ░░░░░░░░░░░░░░░░  0.0% (0/1)
λ Bundled 14579ms node_modules\expo-router\node\render.js (1794 modules)
λ Bundled 14640ms node_modules\expo-router\node\render.js (1 module)
Web node_modules\expo-router\entry.js ▓▓▓▓▓▓▓▓▓▓▓▓▓▓▓░ 99.9% (1585/1585)
Web node_modules\expo-router\entry.js ░░░░░░░░░░░░░░░░  0.0% (0/1)
Web Bundled 31392ms node_modules\expo-router\entry.js (1585 modules)
Web node_modules\expo-router\entry.js ▓▓▓▓▓▓▓▓▓▓▓▓▓▓▓░ 99.9% (1585/1585)
Web node_modules\expo-router\entry.js ░░░░░░░░░░░░░░░░  0.0% (0/1)
Web Bundled 31542ms node_modules\expo-router\entry.js (1 module)
Web node_modules\expo-router\entry.js ░░░░░░░░░░░░░░░░  0.0% (0/1)
λ Bundled 1141ms node_modules\expo-router\node\render.js (1 module)
Web node_modules\expo-router\entry.js ░░░░░░░░░░░░░░░░  0.0% (0/1)
Web Bundled 5126ms node_modules\expo-router\entry.js (1 module)
Web node_modules\expo-router\entry.js ░░░░░░░░░░░░░░░░  0.0% (0/1)
Web node_modules\expo-router\entry.js ░░░░░░░░░░░░░░░░  0.0% (0/1)
λ Bundled 136ms node_modules\expo-router\node\render.js (1 module)
Web Bundled 2577ms node_modules\expo-router\entry.js (1 module)
Web node_modules\expo-router\entry.js ▓▓░░░░░░░░░░░░░░ 16.0% ( 4/10)
Web node_modules\expo-router\entry.js ▓▓▓▓▓▓░░░░░░░░░░ 40.5% ( 53/263)
Web node_modules\expo-router\entry.js ▓▓▓▓▓▓░░░░░░░░░░ 40.5% (156/402)
Web node_modules\expo-router\entry.js ▓▓▓▓▓▓░░░░░░░░░░ 40.5% (307/543)
Web node_modules\expo-router\entry.js ▓▓▓▓▓▓░░░░░░░░░░ 43.2% (424/667)
Web node_modules\expo-router\entry.js ▓▓▓▓▓▓▓░░░░░░░░░ 49.4% (546/777)
Web node_modules\expo-router\entry.js ▓▓▓▓▓▓▓▓░░░░░░░░ 55.7% (658/908)
Web node_modules\expo-router\entry.js ▓▓▓▓▓▓▓▓▓░░░░░░░ 58.7% ( 772/1009)
Web node_modules\expo-router\entry.js ▓▓▓▓▓▓▓▓▓▓▓░░░░░ 69.4% ( 897/1077)
Web node_modules\expo-router\entry.js ▓▓▓▓▓▓▓▓▓▓▓▓▓░░░ 85.1% (1112/1267)
Web node_modules\expo-router\entry.js ▓▓▓▓▓▓▓▓▓▓▓▓▓░░░ 85.1% (1222/1366)
Web node_modules\expo-router\entry.js ▓▓▓▓▓▓▓▓▓▓▓▓▓▓░░ 88.0% (1345/1435)
Web node_modules\expo-router\entry.js ▓▓▓▓▓▓▓▓▓▓▓▓▓▓▓░ 94.3% (1487/1531)
Web node_modules\expo-router\entry.js ▓▓▓▓▓▓▓▓▓▓▓▓▓▓▓░ 98.7% (1574/1584)
Web Bundled 47934ms node_modules\expo-router\entry.js (1587 modules)
 LOG  [web] Logs will appear in the browser console
λ app\api\session-access+api.ts ░░░░░░░░░░░░░░░░  0.0% (0/1)
λ Bundled 221ms app\api\session-access+api.ts (88 modules)
λ app\api\admin\staff-rota-workspace+api.ts ░░░░░░░░░░░░░░░░  0.0% (0/1)
λ Bundled 248ms app\api\admin\staff-rota-workspace+api.ts (80 modules)
λ Bundled 130ms app\api\prayer-times-daily+api.ts (80 modules)
λ app\api\admin\staff-rota-save+api.ts ░░░░░░░░░░░░░░░░  0.0% (0/1)
λ Bundled 244ms app\api\admin\staff-rota-save+api.ts (78 modules)
λ app\api\admin\prayer-times-workspace+api.ts ░░░░░░░░░░░░░░░░  0.0% (0/1)
λ Bundled 132ms app\api\admin\prayer-times-workspace+api.ts (84 modules)
λ app\api\admin\prayer-times-save+api.ts ░░░░░░░░░░░░░░░░  0.0% (0/1)
λ Bundled 138ms app\api\admin\prayer-times-save+api.ts (80 modules)
λ app\api\admin\prayer-times-save+api.ts ░░░░░░░░░░░░░░░░  0.0% (0/1)
λ Bundled 31ms app\api\admin\prayer-times-save+api.ts (1 module)
λ Bundled 58ms app\api\admin\prayer-times-workspace+api.ts (1 module)
λ app\api\admin\prayer-times-save+api.ts ░░░░░░░░░░░░░░░░  0.0% (0/1)
λ Bundled 218ms app\api\admin\prayer-times-save+api.ts (1 module)
λ app\api\admin\prayer-times-workspace+api.ts ░░░░░░░░░░░░░░░░  0.0% (0/1)
λ Bundled 37ms app\api\admin\prayer-times-workspace+api.ts (1 module)
λ app\api\session-access+api.ts ░░░░░░░░░░░░░░░░  0.0% (0/1)
λ Bundled 76ms app\api\session-access+api.ts (1 module)
λ app\api\session-access+api.ts ░░░░░░░░░░░░░░░░  0.0% (0/1)
λ Bundled 36ms app\api\session-access+api.ts (1 module)
λ app\api\admin\staff-rota-workspace+api.ts ░░░░░░░░░░░░░░░░  0.0% (0/1)
λ Bundled 90ms app\api\admin\staff-rota-workspace+api.ts (1 module)
λ Bundled 76ms app\api\admin\prayer-times-workspace+api.ts (1 module)
λ app\api\session-access+api.ts ░░░░░░░░░░░░░░░░  0.0% (0/1)
λ Bundled 7ms app\api\session-access+api.ts (1 module)
λ app\api\session-access+api.ts ░░░░░░░░░░░░░░░░  0.0% (0/1)
λ Bundled 112ms app\api\session-access+api.ts (1 module)
λ Bundled 68ms app\api\admin\staff-rota-workspace+api.ts (1 module)
λ Bundled 19ms app\api\admin\prayer-times-workspace+api.ts (1 module)
λ app\api\admin\prayer-times-save+api.ts ░░░░░░░░░░░░░░░░  0.0% (0/1)
λ Bundled 51ms app\api\admin\prayer-times-save+api.ts (1 module)
λ app\api\admin\muezzin-workspace+api.ts ░░░░░░░░░░░░░░░░  0.0% (0/1)
λ Bundled 667ms app\api\admin\muezzin-workspace+api.ts (85 modules)
λ app\api\admin\mosque-workspace+api.ts ░░░░░░░░░░░░░░░░  0.0% (0/1)
λ Bundled 3306ms app\api\admin\mosque-workspace+api.ts (87 modules)
